32e576bd-dbb9-4355-85d1-6d360238a987	02:26:14 - 25/10/2022	GET	/hehe	
45e810a6-56a7-4fbd-b479-3d7c1ee4823e	02:26:35 - 25/10/2022	GET	/hehe	
743b51b7-1a75-4be3-854e-cb5f221e7563	02:27:24 - 25/10/2022	GET	/hehe	
e6e49f51-b297-49e5-91e6-6901a2dffbb2	02:27:58 - 25/10/2022	GET	/hehe	
d217227e-2083-4bca-82a6-1ff6990b7e17	02:28:09 - 25/10/2022	GET	/hehe	
8cb46bba-c285-4e17-9fc8-75f21c7cb87e	04:55:36 - 25/10/2022	POST	/api/admin/auth/login	
a28b2ccb-607f-44c2-ae72-5f6ffa80a2e6	04:55:39 - 25/10/2022	POST	/api/admin/auth/login	
906bc1aa-8c53-4ad0-a399-ac4b5d74d70a	04:55:40 - 25/10/2022	POST	/api/admin/auth/login	
32816068-20ed-4df2-909d-98d8250235f0	04:55:43 - 25/10/2022	POST	/api/admin/auth/login	
8049c96e-a384-4563-abbb-47e2b3367713	04:55:45 - 25/10/2022	POST	/api/admin/auth/login	
229b6f1c-99d4-4bab-8695-58cba5e56993	04:55:45 - 25/10/2022	POST	/api/admin/auth/login	
d090b5d1-6286-442c-9f82-1ed5b7ef14ff	04:55:45 - 25/10/2022	POST	/api/admin/auth/login	
61f993ba-921c-43c8-adc8-3b7f2e144980	04:55:46 - 25/10/2022	POST	/api/admin/auth/login	
4b9ffe7b-ac6d-4a50-8071-67d7d2f2f9ee	05:00:07 - 25/10/2022	POST	/api/admin/auth/login	
a3189ed7-ab0d-45e2-a44f-43408e371078	01:08:51 - 28/10/2022	POST	/api/admin/product	
48bd4ca8-7ccc-4869-a0ca-639d87c7dcff	03:03:54 - 28/10/2022	POST	/api/admin/product	
a7a1a15d-4f6c-40c6-9155-24c07f2ae4ae	03:14:22 - 28/10/2022	POST	/api/admin/product	
eabacdc6-0b49-4abd-be3a-ec65e6055b56	10:16:33 - 30/10/2022	DELETE	/api/admin/product	
1c9fdbb9-f66e-4c9b-91ec-6f147b96c428	10:17:53 - 30/10/2022	DELETE	/api/admin/product	
bb73b710-dfd7-4c35-af29-fb57fadf7a38	10:18:23 - 30/10/2022	DELETE	/api/admin/product	
c51be4c9-34ab-4c23-881b-110eccf64f9f	10:18:53 - 30/10/2022	DELETE	/api/admin/product	
6417a323-f5b3-4efd-8c38-339fa84f8ff8	10:23:30 - 30/10/2022	ENOENT: no such file or directory, unlink 'D:\ntav-workspace\funix\nodejs\assignment3\backend\public\images\D:\ntav-workspace\funix\nodejs\assignment3\backend\public\images\1667068255869-2.jpg'
b6eb7433-1d82-47e6-aa57-e7989b09e1e6	10:23:30 - 30/10/2022	ENOENT: no such file or directory, unlink 'D:\ntav-workspace\funix\nodejs\assignment3\backend\public\images\D:\ntav-workspace\funix\nodejs\assignment3\backend\public\images\1667068255869-1.jpg'
bfbc00a2-aca7-45ec-84ea-d33318d0e768	10:23:30 - 30/10/2022	ENOENT: no such file or directory, unlink 'D:\ntav-workspace\funix\nodejs\assignment3\backend\public\images\D:\ntav-workspace\funix\nodejs\assignment3\backend\public\images\1667068255869-3.jpg'
e17a912e-9414-400e-875c-ca43413d0afe	10:23:30 - 30/10/2022	ENOENT: no such file or directory, unlink 'D:\ntav-workspace\funix\nodejs\assignment3\backend\public\images\D:\ntav-workspace\funix\nodejs\assignment3\backend\public\images\1667068255869-4.jpg'
2eaf8cb2-d2d2-4551-995b-e6bb463dcd73	10:23:30 - 30/10/2022	ENOENT: no such file or directory, unlink 'D:\ntav-workspace\funix\nodejs\assignment3\backend\public\images\D:\ntav-workspace\funix\nodejs\assignment3\backend\public\images\1667068255870-5.jpg'
05e75ac4-ac33-48a2-afdc-bcca0a7d0b99	10:23:33 - 30/10/2022	ENOENT: no such file or directory, unlink 'D:\ntav-workspace\funix\nodejs\assignment3\backend\public\images\D:\ntav-workspace\funix\nodejs\assignment3\backend\public\images\1667068740679-1.jpg'
a7dfdf3f-ba33-4180-8a80-cbef11cd637c	10:23:33 - 30/10/2022	ENOENT: no such file or directory, unlink 'D:\ntav-workspace\funix\nodejs\assignment3\backend\public\images\D:\ntav-workspace\funix\nodejs\assignment3\backend\public\images\1667068740680-2.jpg'
45dfcedd-611f-4ce3-9b8a-bd86a6dc3565	10:23:33 - 30/10/2022	ENOENT: no such file or directory, unlink 'D:\ntav-workspace\funix\nodejs\assignment3\backend\public\images\D:\ntav-workspace\funix\nodejs\assignment3\backend\public\images\1667068740680-3.jpg'
a26adc27-9202-4099-962d-aa915038dc1c	10:23:33 - 30/10/2022	ENOENT: no such file or directory, unlink 'D:\ntav-workspace\funix\nodejs\assignment3\backend\public\images\D:\ntav-workspace\funix\nodejs\assignment3\backend\public\images\1667068740681-4.jpg'
7645b366-1942-4bc2-a2fb-25bca2b4c224	10:23:33 - 30/10/2022	ENOENT: no such file or directory, unlink 'D:\ntav-workspace\funix\nodejs\assignment3\backend\public\images\D:\ntav-workspace\funix\nodejs\assignment3\backend\public\images\1667068740683-5.jpg'
acac031a-7d1e-470d-9c60-8b9168a2beb5	10:23:36 - 30/10/2022	ENOENT: no such file or directory, unlink 'D:\ntav-workspace\funix\nodejs\assignment3\backend\public\images\http:\localhost:5000\1667068822212-1.jpg'
ec2c32f9-bf82-457e-a8f8-71373007a1d6	10:23:36 - 30/10/2022	ENOENT: no such file or directory, unlink 'D:\ntav-workspace\funix\nodejs\assignment3\backend\public\images\http:\localhost:5000\1667068822214-3.jpg'
d8c50879-a01b-41c3-89ae-cd6f5a315d7b	10:23:36 - 30/10/2022	ENOENT: no such file or directory, unlink 'D:\ntav-workspace\funix\nodejs\assignment3\backend\public\images\http:\localhost:5000\1667068822214-2.jpg'
8a6efb68-798b-4e08-a874-4c8643f33932	10:23:36 - 30/10/2022	ENOENT: no such file or directory, unlink 'D:\ntav-workspace\funix\nodejs\assignment3\backend\public\images\http:\localhost:5000\1667068822215-4.jpg'
41eb75a0-de35-415a-bbd4-9a7397f291ff	10:23:36 - 30/10/2022	ENOENT: no such file or directory, unlink 'D:\ntav-workspace\funix\nodejs\assignment3\backend\public\images\http:\localhost:5000\1667068822215-5.jpg'
9956f4ae-353f-4173-8c07-4fc6ece1a7d3	11:11:37 - 30/10/2022	GET	/api/admin/dashboard	
80dbd850-feeb-4794-a12c-0a27f95c7be5	11:13:43 - 30/10/2022	GET	/api/admin/dashboard	
bd5f3059-48c2-4610-bfa1-bcf89eb1aef8	12:06:11 - 05/11/2022	POST	/api/user/cart	
ba1af6ef-7d87-44da-99d4-1d967d46fd0b	12:07:53 - 05/11/2022	POST	/api/user/cart	
3889eaf3-3951-48de-a553-a793efc8c3a0	12:09:52 - 05/11/2022	POST	/api/user/cart	
a0f5d83b-c7de-458e-a36f-9cc778439cc5	12:17:19 - 05/11/2022	POST	/api/user/cart	
697f6088-87e2-431a-8860-2e3ebad1f969	11:35:44 - 26/11/2022	POST	/api/product	
25233819-a369-40bd-a9c7-5a98cd732df4	11:56:37 - 26/11/2022	DELETE	/api/product	
82039868-80a5-4e24-9646-064e03c41c00	11:57:09 - 26/11/2022	DELETE	/api/product	
7949c41b-dab4-48e6-8e82-365174bc2c61	11:57:40 - 26/11/2022	DELETE	/api/product	
510b0401-1b5a-40ef-a397-e450041abfed	12:01:53 - 26/11/2022	ENOENT: no such file or directory, unlink 'D:\ntav-workspace\funix\nodejs\assignment3\backend\public\images\http:\localhost:5000\images\1669438905536-1.jpg'
3b286e4a-59fb-49bf-bc04-51944c01c61b	12:01:53 - 26/11/2022	ENOENT: no such file or directory, unlink 'D:\ntav-workspace\funix\nodejs\assignment3\backend\public\images\http:\localhost:5000\images\1669438905536-2%20-%20Copy.jpg'
0adbb513-6084-48e3-989d-fae1e5917764	12:01:53 - 26/11/2022	ENOENT: no such file or directory, unlink 'D:\ntav-workspace\funix\nodejs\assignment3\backend\public\images\http:\localhost:5000\images\1669438905537-2.jpg'
d5ac5518-a6fe-4983-83bd-d949c244d869	12:01:53 - 26/11/2022	ENOENT: no such file or directory, unlink 'D:\ntav-workspace\funix\nodejs\assignment3\backend\public\images\http:\localhost:5000\images\1669438905537-3.jpg'
15313b03-fa84-42f8-aaaf-2dcde6e2dcd2	12:01:53 - 26/11/2022	ENOENT: no such file or directory, unlink 'D:\ntav-workspace\funix\nodejs\assignment3\backend\public\images\http:\localhost:5000\images\1669438905537-4.jpg'
71eacbcb-eff1-43d5-8695-7b887760aae3	03:18:49 - 12/12/2022	POST	/api/user/order	
8b897eae-a852-43bb-a3a7-2743b7158004	03:22:02 - 12/12/2022	POST	/api/user/order	
96b98759-c85f-444f-a1aa-a4eebd4df187	03:40:59 - 12/12/2022	ENOENT: no such file or directory, unlink 'D:\ntav-workspace\funix\nodejs\assignment3\backend\public\images\http:\localhost:5000\images\1670820756340-1.jpg'
004eca8a-438a-4ff7-9931-35abb8b4c15b	03:40:59 - 12/12/2022	ENOENT: no such file or directory, unlink 'D:\ntav-workspace\funix\nodejs\assignment3\backend\public\images\http:\localhost:5000\images\1670820756342-2%20-%20Copy.jpg'
35b3b45a-d769-4de0-9d8e-f23750b4eb9d	03:40:59 - 12/12/2022	ENOENT: no such file or directory, unlink 'D:\ntav-workspace\funix\nodejs\assignment3\backend\public\images\http:\localhost:5000\images\1670820756343-2.jpg'
738d9023-9a13-471e-8262-0fba46293814	03:40:59 - 12/12/2022	ENOENT: no such file or directory, unlink 'D:\ntav-workspace\funix\nodejs\assignment3\backend\public\images\http:\localhost:5000\images\1670820756344-4.jpg'
351f3f58-e3c6-42fd-8268-e103b0d4153e	03:40:59 - 12/12/2022	ENOENT: no such file or directory, unlink 'D:\ntav-workspace\funix\nodejs\assignment3\backend\public\images\http:\localhost:5000\images\1670820756344-3.jpg'
